[17/Dec/2017:13:53:09] 929 Create-Job
[17/Dec/2017:13:53:09] 222018 Send-Document
[19/Dec/2017:16:31:28] 2017 Create-Job
[19/Dec/2017:16:31:28] 244022 Send-Document
[19/Dec/2017:19:28:15] 212 CUPS-Add-Modify-Printer
[19/Dec/2017:19:28:15] 212 CUPS-Add-Modify-Printer
[19/Dec/2017:19:28:15] 215 CUPS-Add-Modify-Printer
[19/Dec/2017:19:28:16] 215 CUPS-Add-Modify-Printer
[19/Dec/2017:19:28:16] 233 Create-Job
[19/Dec/2017:19:28:16] 220 CUPS-Add-Modify-Printer
[19/Dec/2017:19:28:16] 292 Send-Document
[19/Dec/2017:19:28:16] 220 CUPS-Add-Modify-Printer
[19/Dec/2017:19:28:16] 205 CUPS-Add-Modify-Printer
[19/Dec/2017:19:28:16] 205 CUPS-Add-Modify-Printer
[19/Dec/2017:19:28:48] 198 Cancel-Job
[19/Dec/2017:19:34:25] 215 CUPS-Add-Modify-Printer
[19/Dec/2017:19:34:25] 215 CUPS-Add-Modify-Printer
[19/Dec/2017:19:34:25] 205 CUPS-Add-Modify-Printer
[19/Dec/2017:19:34:25] 205 CUPS-Add-Modify-Printer
[19/Dec/2017:19:34:26] 233 Create-Job
[19/Dec/2017:19:34:26] 292 Send-Document
[19/Dec/2017:19:34:58] 198 Cancel-Job
[19/Dec/2017:22:23:16] 915 Create-Job
[19/Dec/2017:22:23:16] 985570 Send-Document
[20/Dec/2017:08:24:37] 915 Create-Job
[20/Dec/2017:08:24:37] 308550 Send-Document
[20/Dec/2017:08:24:55] 915 Create-Job
[20/Dec/2017:08:24:55] 2504917 Send-Document
[20/Dec/2017:10:36:00] 233 Create-Job
[20/Dec/2017:10:36:00] 292 Send-Document
[20/Dec/2017:10:36:05] 215 CUPS-Add-Modify-Printer
[20/Dec/2017:10:36:05] 215 CUPS-Add-Modify-Printer
[22/Dec/2017:11:17:21] 233 Create-Job
[22/Dec/2017:11:17:21] 292 Send-Document
[22/Dec/2017:11:17:57] 4247 Create-Job
[22/Dec/2017:11:17:57] 619777 Send-Document
[23/Dec/2017:11:53:06] 4277 Create-Job
[23/Dec/2017:11:53:06] 30371 Send-Document
[23/Dec/2017:11:53:06] 347 Set-Job-Attributes
[23/Dec/2017:11:54:36] 30249 CUPS-Get-Document
[23/Dec/2017:15:25:13] 4109 Create-Job
[23/Dec/2017:15:25:13] 37236 Send-Document
[23/Dec/2017:15:25:13] 347 Set-Job-Attributes
[05/Jan/2018:09:54:10] 215 CUPS-Add-Modify-Printer
[05/Jan/2018:09:54:11] 215 CUPS-Add-Modify-Printer
[05/Jan/2018:09:54:11] 233 Create-Job
[05/Jan/2018:09:54:11] 205 CUPS-Add-Modify-Printer
[05/Jan/2018:09:54:11] 292 Send-Document
[05/Jan/2018:09:54:11] 205 CUPS-Add-Modify-Printer
[05/Jan/2018:09:57:21] 4213 Create-Job
[05/Jan/2018:09:57:21] 2017 Send-Document
[05/Jan/2018:09:57:22] 347 Set-Job-Attributes
[05/Jan/2018:09:57:27] 29042 CUPS-Get-Document
[11/Jan/2018:11:42:33] 215 CUPS-Add-Modify-Printer
[11/Jan/2018:11:42:33] 215 CUPS-Add-Modify-Printer
[16/Jan/2018:06:44:28] 179 CUPS-Delete-Printer
[16/Jan/2018:06:44:28] 179 CUPS-Delete-Printer
[16/Jan/2018:06:44:33] 181 CUPS-Delete-Printer
[16/Jan/2018:06:44:33] 181 CUPS-Delete-Printer
[16/Jan/2018:06:44:37] 179 CUPS-Delete-Printer
[16/Jan/2018:06:44:37] 179 CUPS-Delete-Printer
[16/Jan/2018:06:44:53] 221 CUPS-Get-Devices
[16/Jan/2018:06:44:53] 1054 CUPS-Get-Devices
[16/Jan/2018:06:45:08] 221 CUPS-Get-Devices
[16/Jan/2018:06:45:08] 1054 CUPS-Get-Devices
[16/Jan/2018:07:59:16] 871 Create-Job
[16/Jan/2018:07:59:16] 2032920 Send-Document
[16/Jan/2018:07:59:23] 2032805 CUPS-Get-Document
[16/Jan/2018:08:05:53] 141 Cancel-Job
[16/Jan/2018:08:40:57] 215816 CUPS-Get-PPDs
[16/Jan/2018:08:41:05] 58129 CUPS-Add-Modify-Printer
[16/Jan/2018:08:41:05] 58129 CUPS-Add-Modify-Printer
[16/Jan/2018:08:41:05] 57972 CUPS-Add-Modify-Printer
[16/Jan/2018:08:41:05] 57972 CUPS-Add-Modify-Printer
[16/Jan/2018:08:41:26] 871 Create-Job
[16/Jan/2018:08:41:26] 2032920 Send-Document
[16/Jan/2018:08:41:34] 2032805 CUPS-Get-Document
[16/Jan/2018:08:41:45] 141 Cancel-Job
[16/Jan/2018:08:42:00] 211 CUPS-Add-Modify-Printer
[16/Jan/2018:08:42:00] 211 CUPS-Add-Modify-Printer
[16/Jan/2018:08:42:05] 201 CUPS-Add-Modify-Printer
[16/Jan/2018:08:42:05] 201 CUPS-Add-Modify-Printer
[16/Jan/2018:08:42:08] 221 CUPS-Get-Devices
[16/Jan/2018:08:42:15] 215816 CUPS-Get-PPDs
[16/Jan/2018:08:42:15] 215816 CUPS-Get-PPDs
[16/Jan/2018:08:42:08] 1054 CUPS-Get-Devices
[16/Jan/2018:08:42:23] 58204 CUPS-Add-Modify-Printer
[16/Jan/2018:08:42:23] 58204 CUPS-Add-Modify-Printer
[16/Jan/2018:08:42:56] 873 Create-Job
[16/Jan/2018:08:42:56] 2032922 Send-Document
[16/Jan/2018:08:43:20] 873 Create-Job
[16/Jan/2018:08:43:20] 2033978 Send-Document
[16/Jan/2018:08:43:33] 873 Create-Job
[16/Jan/2018:08:43:33] 2033208 Send-Document
[16/Jan/2018:08:43:45] 873 Create-Job
[16/Jan/2018:08:43:45] 2033378 Send-Document
[16/Jan/2018:08:44:22] 211 CUPS-Add-Modify-Printer
[16/Jan/2018:08:44:22] 211 CUPS-Add-Modify-Printer
[16/Jan/2018:08:44:22] 211 CUPS-Add-Modify-Printer
[16/Jan/2018:08:44:22] 211 CUPS-Add-Modify-Printer
[22/Jan/2018:10:15:10] 215 CUPS-Add-Modify-Printer
[22/Jan/2018:10:15:10] 215 CUPS-Add-Modify-Printer
[22/Jan/2018:10:15:42] 6489 Create-Job
[22/Jan/2018:10:15:42] 157404 Send-Document
[22/Jan/2018:10:15:42] 313 Set-Job-Attributes
[22/Jan/2018:10:15:46] 157283 CUPS-Get-Document
[22/Jan/2018:11:04:53] 4035 Create-Job
[22/Jan/2018:11:04:53] 158066 Send-Document
[22/Jan/2018:11:04:53] 313 Set-Job-Attributes
[22/Jan/2018:11:07:22] 4092 Create-Job
[22/Jan/2018:11:07:22] 814145 Send-Document
[25/Jan/2018:10:04:20] 4078 Create-Job
[25/Jan/2018:10:04:20] 339994 Send-Document
[25/Jan/2018:10:04:26] 339874 CUPS-Get-Document
[25/Jan/2018:10:04:36] 141 Cancel-Job
[25/Jan/2018:10:05:00] 220 CUPS-Add-Modify-Printer
[25/Jan/2018:10:05:00] 220 CUPS-Add-Modify-Printer
[25/Jan/2018:10:05:07] 167 CUPS-Delete-Printer
[25/Jan/2018:10:05:07] 167 CUPS-Delete-Printer
[25/Jan/2018:10:05:12] 170 CUPS-Delete-Printer
[25/Jan/2018:10:05:12] 170 CUPS-Delete-Printer
[25/Jan/2018:10:05:17] 172 CUPS-Delete-Printer
[25/Jan/2018:10:05:17] 172 CUPS-Delete-Printer
[25/Jan/2018:10:05:22] 172 CUPS-Delete-Printer
[25/Jan/2018:10:05:22] 172 CUPS-Delete-Printer
[25/Jan/2018:10:05:28] 175 CUPS-Delete-Printer
[25/Jan/2018:10:05:28] 175 CUPS-Delete-Printer
[25/Jan/2018:10:05:38] 221 CUPS-Get-Devices
[25/Jan/2018:10:05:38] 1054 CUPS-Get-Devices
[25/Jan/2018:10:05:56] 221 CUPS-Get-Devices
[25/Jan/2018:10:05:56] 1054 CUPS-Get-Devices
[25/Jan/2018:10:06:06] 216 CUPS-Add-Modify-Printer
[25/Jan/2018:10:06:06] 216 CUPS-Add-Modify-Printer
[25/Jan/2018:10:06:14] 221 CUPS-Get-Devices
[25/Jan/2018:10:06:14] 1054 CUPS-Get-Devices
[25/Jan/2018:17:24:24] 4060 Create-Job
[25/Jan/2018:17:24:24] 339976 Send-Document
[25/Jan/2018:17:24:27] 339873 CUPS-Get-Document
[25/Jan/2018:17:24:52] 158 Resume-Printer
[25/Jan/2018:17:24:52] 158 Resume-Printer
[25/Jan/2018:17:40:51] 4138 Create-Job
[25/Jan/2018:17:40:51] 4705272 Send-Document
[25/Jan/2018:20:01:52] 215816 CUPS-Get-PPDs
[25/Jan/2018:20:01:52] 58125 CUPS-Add-Modify-Printer
[25/Jan/2018:20:01:52] 58125 CUPS-Add-Modify-Printer
[25/Jan/2018:20:01:52] 57970 CUPS-Add-Modify-Printer
[25/Jan/2018:20:01:52] 57970 CUPS-Add-Modify-Printer
[25/Jan/2018:20:26:23] 209 CUPS-Add-Modify-Printer
[25/Jan/2018:20:26:23] 209 CUPS-Add-Modify-Printer
[25/Jan/2018:20:26:50] 4175 Create-Job
[25/Jan/2018:20:26:50] 396237 Send-Document
[25/Jan/2018:20:26:54] 396122 CUPS-Get-Document
[25/Jan/2018:20:27:01] 170 Pause-Printer
[25/Jan/2018:20:27:01] 170 Pause-Printer
[25/Jan/2018:20:27:04] 170 Resume-Printer
[25/Jan/2018:20:27:04] 170 Resume-Printer
[25/Jan/2018:20:28:32] 141 Cancel-Job
[25/Jan/2018:20:29:46] 20411 CUPS-Add-Modify-Printer
[25/Jan/2018:20:29:46] 20411 CUPS-Add-Modify-Printer
[25/Jan/2018:20:29:46] 20152 CUPS-Add-Modify-Printer
[25/Jan/2018:20:29:46] 20152 CUPS-Add-Modify-Printer
[25/Jan/2018:20:32:24] 211 CUPS-Add-Modify-Printer
[25/Jan/2018:20:32:24] 205 CUPS-Add-Modify-Printer
[25/Jan/2018:20:32:24] 211 CUPS-Add-Modify-Printer
[25/Jan/2018:20:32:24] 205 CUPS-Add-Modify-Printer
[25/Jan/2018:20:32:29] 201 CUPS-Add-Modify-Printer
[25/Jan/2018:20:32:29] 201 CUPS-Add-Modify-Printer
[25/Jan/2018:20:35:36] 211 CUPS-Add-Modify-Printer
[25/Jan/2018:20:35:36] 211 CUPS-Add-Modify-Printer
[25/Jan/2018:20:39:18] 201 CUPS-Add-Modify-Printer
[25/Jan/2018:20:39:18] 201 CUPS-Add-Modify-Printer
[26/Jan/2018:22:56:18] 211 CUPS-Add-Modify-Printer
[26/Jan/2018:22:56:18] 205 CUPS-Add-Modify-Printer
[26/Jan/2018:22:56:18] 211 CUPS-Add-Modify-Printer
[26/Jan/2018:22:56:19] 205 CUPS-Add-Modify-Printer
[26/Jan/2018:23:27:56] 201 CUPS-Add-Modify-Printer
[26/Jan/2018:23:27:56] 201 CUPS-Add-Modify-Printer
[26/Jan/2018:23:31:45] 211 CUPS-Add-Modify-Printer
[26/Jan/2018:23:31:45] 211 CUPS-Add-Modify-Printer
[26/Jan/2018:23:31:58] 201 CUPS-Add-Modify-Printer
[26/Jan/2018:23:31:58] 201 CUPS-Add-Modify-Printer
[27/Jan/2018:04:47:36] 205 CUPS-Add-Modify-Printer
[27/Jan/2018:04:47:36] 205 CUPS-Add-Modify-Printer
[27/Jan/2018:04:49:05] 201 CUPS-Add-Modify-Printer
[27/Jan/2018:04:49:05] 201 CUPS-Add-Modify-Printer
[27/Jan/2018:04:49:50] 211 CUPS-Add-Modify-Printer
[27/Jan/2018:04:49:50] 211 CUPS-Add-Modify-Printer
[27/Jan/2018:04:50:06] 201 CUPS-Add-Modify-Printer
[27/Jan/2018:04:50:06] 201 CUPS-Add-Modify-Printer
[27/Jan/2018:04:50:33] 211 CUPS-Add-Modify-Printer
[27/Jan/2018:04:50:33] 211 CUPS-Add-Modify-Printer
[27/Jan/2018:05:50:56] 201 CUPS-Add-Modify-Printer
[27/Jan/2018:05:50:56] 201 CUPS-Add-Modify-Printer
[27/Jan/2018:05:55:14] 211 CUPS-Add-Modify-Printer
[27/Jan/2018:05:55:14] 211 CUPS-Add-Modify-Printer
[27/Jan/2018:06:01:54] 195 CUPS-Add-Modify-Printer
[27/Jan/2018:06:01:54] 195 CUPS-Add-Modify-Printer
[27/Jan/2018:06:06:25] 211 CUPS-Add-Modify-Printer
[27/Jan/2018:06:06:25] 205 CUPS-Add-Modify-Printer
[27/Jan/2018:06:06:25] 211 CUPS-Add-Modify-Printer
[27/Jan/2018:06:06:25] 205 CUPS-Add-Modify-Printer
[27/Jan/2018:06:06:28] 195 CUPS-Add-Modify-Printer
[27/Jan/2018:06:06:28] 195 CUPS-Add-Modify-Printer
[27/Jan/2018:06:06:32] 211 CUPS-Add-Modify-Printer
[27/Jan/2018:06:06:32] 211 CUPS-Add-Modify-Printer
[27/Jan/2018:06:06:46] 201 CUPS-Add-Modify-Printer
[27/Jan/2018:06:06:46] 201 CUPS-Add-Modify-Printer
[27/Jan/2018:06:10:28] 873 Create-Job
[27/Jan/2018:06:10:28] 299015 Send-Document
[27/Jan/2018:06:10:31] 298900 CUPS-Get-Document
[27/Jan/2018:06:10:35] 141 Cancel-Job
[27/Jan/2018:06:11:13] 199 CUPS-Add-Modify-Printer
[27/Jan/2018:06:11:13] 199 CUPS-Add-Modify-Printer
[27/Jan/2018:06:11:13] 205 CUPS-Add-Modify-Printer
[27/Jan/2018:06:11:13] 205 CUPS-Add-Modify-Printer
[27/Jan/2018:06:11:24] 224 Create-Job
[27/Jan/2018:06:11:24] 283 Send-Document
[27/Jan/2018:06:12:41] 201 CUPS-Add-Modify-Printer
[27/Jan/2018:06:12:41] 201 CUPS-Add-Modify-Printer
[27/Jan/2018:06:12:57] 209 CUPS-Add-Modify-Printer
[27/Jan/2018:06:12:57] 209 CUPS-Add-Modify-Printer
[27/Jan/2018:06:12:57] 205 CUPS-Add-Modify-Printer
[27/Jan/2018:06:12:57] 205 CUPS-Add-Modify-Printer
[27/Jan/2018:06:39:53] 259128 CUPS-Get-PPDs
[27/Jan/2018:06:39:53] 259128 CUPS-Get-PPDs
[27/Jan/2018:06:39:54] 259128 CUPS-Get-PPDs
[27/Jan/2018:06:39:54] 259128 CUPS-Get-PPDs
[27/Jan/2018:06:39:54] 259128 CUPS-Get-PPDs
[27/Jan/2018:06:45:05] 166 Pause-Printer
[27/Jan/2018:06:45:05] 166 Pause-Printer
[27/Jan/2018:06:45:07] 166 Resume-Printer
[27/Jan/2018:06:45:07] 166 Resume-Printer
[27/Jan/2018:06:47:56] 869 Create-Job
[27/Jan/2018:06:47:56] 299012 Send-Document
[27/Jan/2018:06:48:00] 298901 CUPS-Get-Document
[27/Jan/2018:06:49:08] 211 CUPS-Add-Modify-Printer
[27/Jan/2018:06:49:08] 211 CUPS-Add-Modify-Printer
[27/Jan/2018:06:49:08] 201 CUPS-Add-Modify-Printer
[27/Jan/2018:06:49:08] 201 CUPS-Add-Modify-Printer
[27/Jan/2018:06:57:02] 205 CUPS-Add-Modify-Printer
[27/Jan/2018:06:57:02] 205 CUPS-Add-Modify-Printer
[31/Jan/2018:09:58:17] 898 Create-Job
[31/Jan/2018:09:58:17] 234778 Send-Document
[05/Feb/2018:09:51:06] 4119 Create-Job
[05/Feb/2018:09:51:06] 122507 Send-Document
[05/Feb/2018:09:51:06] 347 Set-Job-Attributes
[05/Feb/2018:09:51:10] 122376 CUPS-Get-Document
[05/Feb/2018:17:32:35] 920 Create-Job
[05/Feb/2018:17:32:35] 303573 Send-Document
[06/Feb/2018:11:30:30] 4155 Create-Job
[06/Feb/2018:11:30:30] 46298 Send-Document
[06/Feb/2018:11:30:30] 347 Set-Job-Attributes
[06/Feb/2018:11:32:14] 4188 Create-Job
[06/Feb/2018:11:32:14] 714518 Send-Document
[06/Feb/2018:11:33:08] 4152 Create-Job
[06/Feb/2018:11:33:08] 17731977 Send-Document
[08/Feb/2018:07:07:24] 201 CUPS-Add-Modify-Printer
[08/Feb/2018:07:07:24] 201 CUPS-Add-Modify-Printer
[08/Feb/2018:12:03:45] 205 CUPS-Add-Modify-Printer
[08/Feb/2018:12:03:45] 205 CUPS-Add-Modify-Printer
[15/Feb/2018:10:06:43] 1651 Create-Job
[15/Feb/2018:10:06:43] 46734 Send-Document
[15/Feb/2018:10:06:43] 347 Set-Job-Attributes
[15/Feb/2018:10:53:51] 1688 Create-Job
[15/Feb/2018:10:53:51] 189796 Send-Document
[15/Feb/2018:10:53:51] 313 Set-Job-Attributes
[15/Feb/2018:10:53:55] 189688 CUPS-Get-Document
[16/Feb/2018:11:55:35] 4197 Create-Job
[16/Feb/2018:11:55:35] 491124 Send-Document
[16/Feb/2018:11:55:36] 491021 CUPS-Get-Document
[16/Feb/2018:11:55:52] 4357 Create-Job
[16/Feb/2018:11:55:52] 165685 Send-Document
[16/Feb/2018:11:55:52] 347 Set-Job-Attributes
[16/Feb/2018:11:55:53] 165536 CUPS-Get-Document
[16/Feb/2018:11:56:55] 4213 Create-Job
[16/Feb/2018:11:56:55] 152156 Send-Document
[16/Feb/2018:11:56:55] 347 Set-Job-Attributes
[16/Feb/2018:11:56:56] 152045 CUPS-Get-Document
[16/Feb/2018:16:44:34] 4230 Create-Job
[16/Feb/2018:16:44:34] 706917 Send-Document
[16/Feb/2018:16:44:34] 313 Set-Job-Attributes
[16/Feb/2018:16:44:51] 4142 Create-Job
[16/Feb/2018:16:44:51] 84563 Send-Document
[16/Feb/2018:16:44:51] 313 Set-Job-Attributes
[16/Feb/2018:16:48:18] 4184 Create-Job
[16/Feb/2018:16:48:18] 157018 Send-Document
[16/Feb/2018:16:48:18] 313 Set-Job-Attributes
[16/Feb/2018:16:48:46] 4212 Create-Job
[16/Feb/2018:16:48:46] 392488 Send-Document
[16/Feb/2018:16:48:47] 313 Set-Job-Attributes
[16/Feb/2018:16:49:50] 4184 Create-Job
[16/Feb/2018:16:49:50] 179944 Send-Document
[16/Feb/2018:16:49:50] 313 Set-Job-Attributes
[16/Feb/2018:16:56:25] 932 Create-Job
[16/Feb/2018:16:56:25] 972133 Send-Document
[16/Feb/2018:16:57:53] 946 Create-Job
[16/Feb/2018:16:57:53] 948846 Send-Document
[26/Feb/2018:10:36:28] 4341 Create-Job
[26/Feb/2018:10:36:28] 54809 Send-Document
[26/Feb/2018:10:36:28] 347 Set-Job-Attributes
[26/Feb/2018:10:37:03] 4166 Create-Job
[26/Feb/2018:10:37:03] 189741 Send-Document
[26/Feb/2018:10:37:03] 313 Set-Job-Attributes
[26/Feb/2018:11:17:49] 4120 Create-Job
[26/Feb/2018:11:17:49] 282537 Send-Document
[27/Feb/2018:12:35:17] 4197 Create-Job
[27/Feb/2018:12:35:17] 450586 Send-Document
[27/Feb/2018:12:35:17] 347 Set-Job-Attributes
[28/Feb/2018:14:33:22] 4248 Create-Job
[28/Feb/2018:14:33:23] 199547 Send-Document
[01/Mar/2018:10:49:33] 4087 Create-Job
[01/Mar/2018:10:49:33] 36502 Send-Document
[01/Mar/2018:10:49:33] 347 Set-Job-Attributes
[02/Mar/2018:11:05:57] 4116 Create-Job
[02/Mar/2018:11:05:57] 525995 Send-Document
[02/Mar/2018:15:46:18] 4189 Create-Job
[02/Mar/2018:15:46:18] 32254 Send-Document
[02/Mar/2018:15:46:18] 347 Set-Job-Attributes
[02/Mar/2018:15:46:22] 32155 CUPS-Get-Document
[05/Mar/2018:09:51:59] 1642 Create-Job
[05/Mar/2018:09:51:59] 120249 Send-Document
[05/Mar/2018:09:51:59] 347 Set-Job-Attributes
[05/Mar/2018:09:54:03] 4146 Create-Job
[05/Mar/2018:09:54:03] 1371144 Send-Document
[08/Mar/2018:12:01:17] 4254 Create-Job
[08/Mar/2018:12:01:17] 1379495 Send-Document
[09/Mar/2018:14:25:45] 4317 Create-Job
[09/Mar/2018:14:25:45] 69527 Send-Document
[09/Mar/2018:14:25:45] 347 Set-Job-Attributes
[09/Mar/2018:18:54:31] 4258 Create-Job
[09/Mar/2018:18:54:31] 76261 Send-Document
[09/Mar/2018:18:54:31] 347 Set-Job-Attributes
[19/Mar/2018:13:51:35] 4126 Create-Job
[19/Mar/2018:13:51:35] 355532 Send-Document
[19/Mar/2018:17:53:46] 4160 Create-Job
[19/Mar/2018:17:53:46] 2452219 Send-Document
[20/Mar/2018:08:14:46] 4189 Create-Job
[20/Mar/2018:08:14:46] 30877 Send-Document
[20/Mar/2018:08:14:46] 347 Set-Job-Attributes
[20/Mar/2018:08:20:32] 4189 Create-Job
[20/Mar/2018:08:20:32] 30875 Send-Document
[20/Mar/2018:08:20:32] 347 Set-Job-Attributes
[20/Mar/2018:08:24:34] 4201 Create-Job
[20/Mar/2018:08:24:34] 142311 Send-Document
[20/Mar/2018:08:24:34] 347 Set-Job-Attributes
[21/Mar/2018:08:24:15] 4266 Create-Job
[21/Mar/2018:08:24:15] 64706 Send-Document
[21/Mar/2018:08:24:15] 347 Set-Job-Attributes
[26/Mar/2018:13:43:21] 4132 Create-Job
[26/Mar/2018:13:43:21] 437726 Send-Document
[04/Apr/2018:16:52:59] 840 Create-Job
[04/Apr/2018:16:52:59] 264448 Send-Document
[04/Apr/2018:16:53:12] 846 Create-Job
[04/Apr/2018:16:53:12] 241717 Send-Document
[04/Apr/2018:16:53:23] 840 Create-Job
[04/Apr/2018:16:53:23] 253656 Send-Document
[04/Apr/2018:16:53:34] 846 Create-Job
[04/Apr/2018:16:53:34] 247280 Send-Document
[04/Apr/2018:16:53:48] 860 Create-Job
[04/Apr/2018:16:53:48] 238253 Send-Document
[04/Apr/2018:16:53:59] 852 Create-Job
[04/Apr/2018:16:53:59] 215721 Send-Document
[04/Apr/2018:16:54:10] 858 Create-Job
[04/Apr/2018:16:54:10] 230537 Send-Document
[04/Apr/2018:16:54:26] 852 Create-Job
[04/Apr/2018:16:54:26] 226844 Send-Document
[06/Apr/2018:11:32:12] 4180 Create-Job
[06/Apr/2018:11:32:12] 701668 Send-Document
[09/Apr/2018:08:02:55] 4184 Create-Job
[09/Apr/2018:08:02:55] 366316 Send-Document
[09/Apr/2018:08:03:07] 366213 CUPS-Get-Document
[11/Apr/2018:09:21:33] 4140 Create-Job
[11/Apr/2018:09:21:33] 402991 Send-Document
[11/Apr/2018:16:41:59] 4243 Create-Job
[11/Apr/2018:16:41:59] 80945 Send-Document
[11/Apr/2018:16:42:00] 347 Set-Job-Attributes
[13/Apr/2018:11:48:50] 4094 Create-Job
[13/Apr/2018:11:48:50] 424603 Send-Document
[16/Apr/2018:17:45:06] 4090 Create-Job
[16/Apr/2018:17:45:06] 98490832 Send-Document
[16/Apr/2018:17:47:23] 4100 Create-Job
[16/Apr/2018:17:47:23] 27450647 Send-Document
[20/Apr/2018:15:11:15] 4166 Create-Job
[20/Apr/2018:15:11:15] 480346 Send-Document
[20/Apr/2018:15:11:27] 4166 Create-Job
[20/Apr/2018:15:11:27] 479532 Send-Document
[20/Apr/2018:15:11:56] 4202 Create-Job
[20/Apr/2018:15:11:56] 1041245 Send-Document
[20/Apr/2018:15:12:13] 4194 Create-Job
[20/Apr/2018:15:12:13] 764905 Send-Document
[20/Apr/2018:15:12:29] 4202 Create-Job
[20/Apr/2018:15:12:29] 804061 Send-Document
[20/Apr/2018:15:12:46] 4182 Create-Job
[20/Apr/2018:15:12:46] 929260 Send-Document
[23/Apr/2018:10:46:29] 4070 Create-Job
[23/Apr/2018:10:46:29] 563279 Send-Document
[24/Apr/2018:13:44:01] 4190 Create-Job
[24/Apr/2018:13:44:01] 328009 Send-Document
[27/Apr/2018:19:42:26] 4339 Create-Job
[27/Apr/2018:19:42:26] 1885142 Send-Document
[27/Apr/2018:19:42:27] 313 Set-Job-Attributes
[27/Apr/2018:19:42:46] 4345 Create-Job
[27/Apr/2018:19:42:46] 1970247 Send-Document
[27/Apr/2018:19:42:47] 313 Set-Job-Attributes
[27/Apr/2018:19:43:15] 4100 Create-Job
[27/Apr/2018:19:43:15] 3996375 Send-Document
[27/Apr/2018:19:43:59] 4100 Create-Job
[27/Apr/2018:19:43:59] 4221868 Send-Document
[01/May/2018:11:51:14] 3985 Create-Job
[01/May/2018:11:51:14] 21950 Send-Document
[01/May/2018:11:51:14] 347 Set-Job-Attributes
[01/May/2018:11:51:19] 21832 CUPS-Get-Document
[01/May/2018:11:51:30] 141 Cancel-Job
[02/May/2018:15:32:58] 4209 Create-Job
[02/May/2018:15:32:58] 35300 Send-Document
[02/May/2018:15:32:58] 347 Set-Job-Attributes
[04/May/2018:09:16:43] 4068 Create-Job
[04/May/2018:09:16:43] 25551 Send-Document
[04/May/2018:09:16:43] 313 Set-Job-Attributes
[04/May/2018:20:39:52] 4307 Create-Job
[04/May/2018:20:39:52] 96467 Send-Document
[04/May/2018:20:39:52] 313 Set-Job-Attributes
[04/May/2018:20:40:22] 4307 Create-Job
[04/May/2018:20:40:22] 96227 Send-Document
[04/May/2018:20:40:22] 314 Set-Job-Attributes
[04/May/2018:20:40:44] 4307 Create-Job
[04/May/2018:20:40:44] 96827 Send-Document
[04/May/2018:20:40:44] 314 Set-Job-Attributes
[04/May/2018:20:41:06] 4307 Create-Job
[04/May/2018:20:41:06] 96810 Send-Document
[04/May/2018:20:41:06] 314 Set-Job-Attributes
[04/May/2018:20:41:29] 4256 Create-Job
[04/May/2018:20:41:29] 20180 Send-Document
[04/May/2018:20:41:29] 348 Set-Job-Attributes
[15/May/2018:08:38:58] 4106 Create-Job
[15/May/2018:08:38:58] 2751641 Send-Document
[08/Jun/2018:16:43:47] 902 Create-Job
[08/Jun/2018:16:43:47] 207006 Send-Document
[08/Jun/2018:16:43:51] 206904 CUPS-Get-Document
[11/Jun/2018:10:14:41] 828 Create-Job
[11/Jun/2018:10:14:42] 1438255 Send-Document
[11/Jun/2018:10:22:19] 4281 Create-Job
[11/Jun/2018:10:22:19] 80741 Send-Document
[11/Jun/2018:10:22:19] 348 Set-Job-Attributes
[22/Jun/2018:15:49:59] 4100 Create-Job
[22/Jun/2018:15:49:59] 8211950 Send-Document
[26/Jun/2018:15:00:56] 4237 Create-Job
[26/Jun/2018:15:00:56] 33890 Send-Document
[26/Jun/2018:15:00:56] 348 Set-Job-Attributes
[01/Jul/2018:10:54:44] 3781 Create-Job
[01/Jul/2018:10:54:44] 30056 Send-Document
[01/Jul/2018:10:54:44] 348 Set-Job-Attributes
[01/Jul/2018:14:16:08] 29935 CUPS-Get-Document
[01/Jul/2018:14:16:12] 142 Cancel-Job
[02/Jul/2018:17:07:34] 936 Create-Job
[02/Jul/2018:17:07:34] 340160 Send-Document
[02/Jul/2018:18:18:43] 4092 Create-Job
[02/Jul/2018:18:18:43] 785713 Send-Document
[02/Jul/2018:19:28:22] 4094 Create-Job
[02/Jul/2018:19:28:22] 976560 Send-Document
[24/Jul/2018:13:11:03] 4307 Create-Job
[24/Jul/2018:13:11:03] 90374 Send-Document
[24/Jul/2018:13:11:03] 314 Set-Job-Attributes
[24/Jul/2018:13:11:26] 4308 Create-Job
[24/Jul/2018:13:11:26] 90386 Send-Document
[24/Jul/2018:13:11:26] 314 Set-Job-Attributes
[24/Jul/2018:13:12:19] 4308 Create-Job
[24/Jul/2018:13:12:19] 90662 Send-Document
[24/Jul/2018:13:12:19] 314 Set-Job-Attributes
[24/Jul/2018:13:12:50] 4308 Create-Job
[24/Jul/2018:13:12:50] 90579 Send-Document
[24/Jul/2018:13:12:51] 314 Set-Job-Attributes
[24/Jul/2018:13:13:28] 4308 Create-Job
[24/Jul/2018:13:13:28] 90028 Send-Document
[24/Jul/2018:13:13:28] 314 Set-Job-Attributes
[01/Aug/2018:09:25:04] 4213 Create-Job
[01/Aug/2018:09:25:04] 82880 Send-Document
[01/Aug/2018:09:25:04] 348 Set-Job-Attributes
[01/Aug/2018:09:25:26] 4213 Create-Job
[01/Aug/2018:09:25:26] 73962 Send-Document
[01/Aug/2018:09:25:26] 348 Set-Job-Attributes
[01/Aug/2018:09:26:01] 4213 Create-Job
[01/Aug/2018:09:26:01] 72905 Send-Document
[01/Aug/2018:09:26:01] 348 Set-Job-Attributes
[08/Aug/2018:09:51:34] 4221 Create-Job
[08/Aug/2018:09:51:34] 64615 Send-Document
[08/Aug/2018:09:51:35] 348 Set-Job-Attributes
[20/Aug/2018:08:02:09] 894 Create-Job
[20/Aug/2018:08:02:09] 426808 Send-Document
[20/Aug/2018:10:54:25] 4172 Create-Job
[20/Aug/2018:10:54:25] 1359413 Send-Document
[20/Aug/2018:10:59:03] 4140 Create-Job
[20/Aug/2018:10:59:03] 286496 Send-Document
[20/Aug/2018:10:59:30] 4140 Create-Job
[20/Aug/2018:10:59:30] 249284 Send-Document
[20/Aug/2018:12:33:39] 4229 Create-Job
[20/Aug/2018:12:33:39] 44293 Send-Document
[20/Aug/2018:12:33:39] 348 Set-Job-Attributes
[14/Sep/2018:08:42:45] 998 Create-Job
[14/Sep/2018:08:42:45] 353232 Send-Document
[20/Sep/2018:11:25:10] 4214 Create-Job
[20/Sep/2018:11:25:10] 704811 Send-Document

[14/Sep/2019:08:42:45] 25 Create-Job
[14/Sep/2019:08:42:45] 25 Send-Document
[20/Sep/2019:11:25:10] 25 Create-Job
[20/Sep/2019:11:25:10] 25 Send-Document
