execve("/bin/ls", ["ls"], [/* 22 vars */]) = 0 <0.000244>
brk(NULL)                               = 0x562189db3000 <0.000014>
access("/etc/ld.so.nohwcap", F_OK)      = -1 ENOENT (No such file or directory) <0.000055>
mmap(NULL, 12288, PROT_READ|PROT_WRITE, MAP_PRIVATE|MAP_ANONYMOUS, -1, 0) = 0x7fcee16d5000 <0.000015>
access("/etc/ld.so.preload", R_OK)      = -1 ENOENT (No such file or directory) <0.000015>
open("/etc/ld.so.cache", O_RDONLY|O_CLOEXEC) = 3 <0.000016>
fstat(3, {st_mode=S_IFREG|0644, st_size=108834, ...}) = 0 <0.000010>
mmap(NULL, 108834, PROT_READ, MAP_PRIVATE, 3, 0) = 0x7fcee16ba000 <0.000013>
close(3)                                = 0 <0.000009>
access("/etc/ld.so.nohwcap", F_OK)      = -1 ENOENT (No such file or directory) <0.000011>
open("/lib/x86_64-linux-gnu/libselinux.so.1", O_RDONLY|O_CLOEXEC) = 3 <0.000012>
read(3, "\177ELF\2\1\1\0\0\0\0\0\0\0\0\0\3\0>\0\1\0\0\0000k\0\0\0\0\0\0"..., 832) = 832 <0.000011>
fstat(3, {st_mode=S_IFREG|0644, st_size=155400, ...}) = 0 <0.000009>
mmap(NULL, 2259664, PROT_READ|PROT_EXEC, MAP_PRIVATE|MAP_DENYWRITE, 3, 0) = 0x7fcee128d000 <0.000013>
mprotect(0x7fcee12b2000, 2093056, PROT_NONE) = 0 <0.000017>
mmap(0x7fcee14b1000, 8192, PROT_READ|PROT_WRITE, MAP_PRIVATE|MAP_FIXED|MAP_DENYWRITE, 3, 0x24000) = 0x7fcee14b1000 <0.000019>
mmap(0x7fcee14b3000, 6864, PROT_READ|PROT_WRITE, MAP_PRIVATE|MAP_FIXED|MAP_ANONYMOUS, -1, 0) = 0x7fcee14b3000 <0.000013>
close(3)                                = 0 <0.000009>
access("/etc/ld.so.nohwcap", F_OK)      = -1 ENOENT (No such file or directory) <0.000011>
open("/lib/x86_64-linux-gnu/libc.so.6", O_RDONLY|O_CLOEXEC) = 3 <0.000013>
read(3, "\177ELF\2\1\1\3\0\0\0\0\0\0\0\0\3\0>\0\1\0\0\0\320\3\2\0\0\0\0\0"..., 832) = 832 <0.000010>
fstat(3, {st_mode=S_IFREG|0755, st_size=1689360, ...}) = 0 <0.000009>
mmap(NULL, 3795360, PROT_READ|PROT_EXEC, MAP_PRIVATE|MAP_DENYWRITE, 3, 0) = 0x7fcee0eee000 <0.000012>
mprotect(0x7fcee1083000, 2097152, PROT_NONE) = 0 <0.000015>
mmap(0x7fcee1283000, 24576, PROT_READ|PROT_WRITE, MAP_PRIVATE|MAP_FIXED|MAP_DENYWRITE, 3, 0x195000) = 0x7fcee1283000 <0.000015>
mmap(0x7fcee1289000, 14752, PROT_READ|PROT_WRITE, MAP_PRIVATE|MAP_FIXED|MAP_ANONYMOUS, -1, 0) = 0x7fcee1289000 <0.000012>
close(3)                                = 0 <0.000009>
access("/etc/ld.so.nohwcap", F_OK)      = -1 ENOENT (No such file or directory) <0.000012>
open("/lib/x86_64-linux-gnu/libpcre.so.3", O_RDONLY|O_CLOEXEC) = 3 <0.000014>
read(3, "\177ELF\2\1\1\0\0\0\0\0\0\0\0\0\3\0>\0\1\0\0\0\320\25\0\0\0\0\0\0"..., 832) = 832 <0.000010>
fstat(3, {st_mode=S_IFREG|0644, st_size=468920, ...}) = 0 <0.000010>
mmap(NULL, 2564360, PROT_READ|PROT_EXEC, MAP_PRIVATE|MAP_DENYWRITE, 3, 0) = 0x7fcee0c7b000 <0.000014>
mprotect(0x7fcee0ced000, 2093056, PROT_NONE) = 0 <0.000015>
mmap(0x7fcee0eec000, 8192, PROT_READ|PROT_WRITE, MAP_PRIVATE|MAP_FIXED|MAP_DENYWRITE, 3, 0x71000) = 0x7fcee0eec000 <0.000014>
close(3)                                = 0 <0.000010>
access("/etc/ld.so.nohwcap", F_OK)      = -1 ENOENT (No such file or directory) <0.000012>
open("/lib/x86_64-linux-gnu/libdl.so.2", O_RDONLY|O_CLOEXEC) = 3 <0.000013>
read(3, "\177ELF\2\1\1\0\0\0\0\0\0\0\0\0\3\0>\0\1\0\0\0\200\r\0\0\0\0\0\0"..., 832) = 832 <0.000010>
fstat(3, {st_mode=S_IFREG|0644, st_size=14640, ...}) = 0 <0.000009>
mmap(NULL, 2109680, PROT_READ|PROT_EXEC, MAP_PRIVATE|MAP_DENYWRITE, 3, 0) = 0x7fcee0a77000 <0.000013>
mprotect(0x7fcee0a7a000, 2093056, PROT_NONE) = 0 <0.000014>
mmap(0x7fcee0c79000, 8192, PROT_READ|PROT_WRITE, MAP_PRIVATE|MAP_FIXED|MAP_DENYWRITE, 3, 0x2000) = 0x7fcee0c79000 <0.000014>
close(3)                                = 0 <0.000009>
access("/etc/ld.so.nohwcap", F_OK)      = -1 ENOENT (No such file or directory) <0.000011>
open("/lib/x86_64-linux-gnu/libpthread.so.0", O_RDONLY|O_CLOEXEC) = 3 <0.000013>
read(3, "\177ELF\2\1\1\0\0\0\0\0\0\0\0\0\3\0>\0\1\0\0\0Pa\0\0\0\0\0\0"..., 832) = 832 <0.000010>
fstat(3, {st_mode=S_IFREG|0755, st_size=135440, ...}) = 0 <0.000009>
mmap(NULL, 2212936, PROT_READ|PROT_EXEC, MAP_PRIVATE|MAP_DENYWRITE, 3, 0) = 0x7fcee085a000 <0.000013>
mprotect(0x7fcee0872000, 2093056, PROT_NONE) = 0 <0.000014>
mmap(0x7fcee0a71000, 8192, PROT_READ|PROT_WRITE, MAP_PRIVATE|MAP_FIXED|MAP_DENYWRITE, 3, 0x17000) = 0x7fcee0a71000 <0.000015>
mmap(0x7fcee0a73000, 13384, PROT_READ|PROT_WRITE, MAP_PRIVATE|MAP_FIXED|MAP_ANONYMOUS, -1, 0) = 0x7fcee0a73000 <0.000012>
close(3)                                = 0 <0.000009>
mmap(NULL, 8192, PROT_READ|PROT_WRITE, MAP_PRIVATE|MAP_ANONYMOUS, -1, 0) = 0x7fcee16b8000 <0.000011>
arch_prctl(ARCH_SET_FS, 0x7fcee16b93c0) = 0 <0.000009>
mprotect(0x7fcee1283000, 16384, PROT_READ) = 0 <0.000014>
mprotect(0x7fcee0a71000, 4096, PROT_READ) = 0 <0.000013>
mprotect(0x7fcee0c79000, 4096, PROT_READ) = 0 <0.000012>
mprotect(0x7fcee0eec000, 4096, PROT_READ) = 0 <0.000012>
mprotect(0x7fcee14b1000, 4096, PROT_READ) = 0 <0.000013>
mprotect(0x562188561000, 4096, PROT_READ) = 0 <0.000012>
mprotect(0x7fcee16d8000, 4096, PROT_READ) = 0 <0.000013>
munmap(0x7fcee16ba000, 108834)          = 0 <0.000024>
set_tid_address(0x7fcee16b9690)         = 16531 <0.000009>
set_robust_list(0x7fcee16b96a0, 24)     = 0 <0.000009>
rt_sigaction(SIGRTMIN, {sa_handler=0x7fcee085fbd0, sa_mask=[], sa_flags=SA_RESTORER|SA_SIGINFO, sa_restorer=0x7fcee086b0c0}, NULL, 8) = 0 <0.000010>
rt_sigaction(SIGRT_1, {sa_handler=0x7fcee085fc60, sa_mask=[], sa_flags=SA_RESTORER|SA_RESTART|SA_SIGINFO, sa_restorer=0x7fcee086b0c0}, NULL, 8) = 0 <0.000009>
rt_sigprocmask(SIG_UNBLOCK, [RTMIN RT_1], NULL, 8) = 0 <0.000010>
getrlimit(RLIMIT_STACK, {rlim_cur=8192*1024, rlim_max=RLIM64_INFINITY}) = 0 <0.000010>
statfs("/sys/fs/selinux", 0x7ffdaf88d7e0) = -1 ENOENT (No such file or directory) <0.000021>
statfs("/selinux", 0x7ffdaf88d7e0)      = -1 ENOENT (No such file or directory) <0.000011>
brk(NULL)                               = 0x562189db3000 <0.000009>
brk(0x562189dd4000)                     = 0x562189dd4000 <0.000010>
open("/proc/filesystems", O_RDONLY)     = 3 <0.000025>
fstat(3, {st_mode=S_IFREG|0444, st_size=0, ...}) = 0 <0.000010>
read(3, "nodev\tsysfs\nnodev\trootfs\nnodev\tr"..., 1024) = 441 <0.000030>
read(3, "", 1024)                       = 0 <0.000009>
close(3)                                = 0 <0.000014>
access("/etc/selinux/config", F_OK)     = -1 ENOENT (No such file or directory) <0.000013>
open("/usr/lib/locale/locale-archive", O_RDONLY|O_CLOEXEC) = 3 <0.000015>
fstat(3, {st_mode=S_IFREG|0644, st_size=1683024, ...}) = 0 <0.000009>
mmap(NULL, 1683024, PROT_READ, MAP_PRIVATE, 3, 0) = 0x7fcee151d000 <0.000013>
close(3)                                = 0 <0.000009>
ioctl(1, TCGETS, 0x7ffdaf88d780)        = -1 ENOTTY (Inappropriate ioctl for device) <0.000010>
ioctl(1, TIOCGWINSZ, 0x7ffdaf88d830)    = -1 ENOTTY (Inappropriate ioctl for device) <0.000012>
open(".", O_RDONLY|O_NONBLOCK|O_DIRECTORY|O_CLOEXEC) = 3 <0.000021>
fstat(3, {st_mode=S_IFDIR|0755, st_size=4096, ...}) = 0 <0.000006>
getdents(3, /* 4 entries */, 32768)     = 112 <0.000023>
getdents(3, /* 0 entries */, 32768)     = 0 <0.000015>
close(3)                                = 0 <0.000017>
fstat(1, {st_mode=S_IFREG|0644, st_size=7124, ...}) = 0 <0.000009>
write(1, "ls.log\nREADME\n", 14ls.log
README
)        = 14 <0.000012>
close(1)                                = 0 <0.000008>
close(2)                                = 0 <0.000008>
exit_group(0)                           = ?
+++ exited with 0 +++
